2023-02-21 18:53:43,148 INFO o.a.j.u.JMeterUtils: Setting Locale to es_US
2023-02-21 18:53:43,174 INFO o.a.j.u.JMeterUtils: Could not find resources for 'es_US', using 'es'
2023-02-21 18:53:43,176 INFO o.a.j.JMeter: Loading user properties from: user.properties
2023-02-21 18:53:43,176 INFO o.a.j.JMeter: Loading system properties from: system.properties
2023-02-21 18:53:43,184 INFO o.a.j.JMeter: Copyright (c) 1998-2022 The Apache Software Foundation
2023-02-21 18:53:43,184 INFO o.a.j.JMeter: Version 5.5
2023-02-21 18:53:43,184 INFO o.a.j.JMeter: java.version=19.0.1
2023-02-21 18:53:43,184 INFO o.a.j.JMeter: java.vm.name=Java HotSpot(TM) 64-Bit Server VM
2023-02-21 18:53:43,184 INFO o.a.j.JMeter: os.name=Windows 10
2023-02-21 18:53:43,184 INFO o.a.j.JMeter: os.arch=amd64
2023-02-21 18:53:43,184 INFO o.a.j.JMeter: os.version=10.0
2023-02-21 18:53:43,184 INFO o.a.j.JMeter: file.encoding=UTF-8
2023-02-21 18:53:43,185 INFO o.a.j.JMeter: java.awt.headless=null
2023-02-21 18:53:43,185 INFO o.a.j.JMeter: Max memory     =2139095040
2023-02-21 18:53:43,185 INFO o.a.j.JMeter: Available Processors =4
2023-02-21 18:53:43,196 INFO o.a.j.JMeter: Default Locale=español (Estados Unidos)
2023-02-21 18:53:43,197 INFO o.a.j.JMeter: JMeter  Locale=español (Estados Unidos)
2023-02-21 18:53:43,197 INFO o.a.j.JMeter: JMeterHome=C:\Users\Fer\Desktop\apache-jmeter-5.5
2023-02-21 18:53:43,197 INFO o.a.j.JMeter: user.dir  =C:\Users\Fer\Desktop\apache-jmeter-5.5\bin
2023-02-21 18:53:43,197 INFO o.a.j.JMeter: PWD       =C:\Users\Fer\Desktop\apache-jmeter-5.5\bin
2023-02-21 18:53:43,229 INFO o.a.j.JMeter: IP: 192.168.0.115 Name: DESKTOP-MQNAP4D FullName: 192.168.0.115
2023-02-21 18:53:43,242 INFO o.a.j.JMeter: Loaded icon properties from org/apache/jmeter/images/icon.properties
2023-02-21 18:53:43,454 INFO o.a.j.JMeterGuiLauncher: Setting LAF to: com.github.weisj.darklaf.DarkLaf:com.github.weisj.darklaf.theme.DarculaTheme
2023-02-21 18:53:53,211 INFO o.a.j.s.FileServer: Default base='C:\Users\Fer\Desktop\apache-jmeter-5.5\bin'
2023-02-21 18:53:53,214 INFO o.a.j.g.a.Load: Loading file: C:\Users\Fer\Desktop\apache-jmeter-5.5\bin\View Results Tree.jmx
2023-02-21 18:53:53,214 INFO o.a.j.s.FileServer: Set new base='C:\Users\Fer\Desktop\apache-jmeter-5.5\bin'
2023-02-21 18:53:53,483 INFO o.a.j.s.SaveService: Testplan (JMX) version: 2.2. Testlog (JTL) version: 2.2
2023-02-21 18:53:53,507 INFO o.a.j.s.SaveService: Using SaveService properties version 5.0
2023-02-21 18:53:53,509 INFO o.a.j.s.SaveService: Using SaveService properties file encoding UTF-8
2023-02-21 18:53:53,510 INFO o.a.j.s.SaveService: Loading file: C:\Users\Fer\Desktop\apache-jmeter-5.5\bin\View Results Tree.jmx
2023-02-21 18:53:53,535 INFO o.a.j.p.h.s.HTTPSamplerBase: Parser for text/html is org.apache.jmeter.protocol.http.parser.LagartoBasedHtmlParser
2023-02-21 18:53:53,535 INFO o.a.j.p.h.s.HTTPSamplerBase: Parser for application/xhtml+xml is org.apache.jmeter.protocol.http.parser.LagartoBasedHtmlParser
2023-02-21 18:53:53,535 INFO o.a.j.p.h.s.HTTPSamplerBase: Parser for application/xml is org.apache.jmeter.protocol.http.parser.LagartoBasedHtmlParser
2023-02-21 18:53:53,535 INFO o.a.j.p.h.s.HTTPSamplerBase: Parser for text/xml is org.apache.jmeter.protocol.http.parser.LagartoBasedHtmlParser
2023-02-21 18:53:53,535 INFO o.a.j.p.h.s.HTTPSamplerBase: Parser for text/vnd.wap.wml is org.apache.jmeter.protocol.http.parser.RegexpHTMLParser
2023-02-21 18:53:53,535 INFO o.a.j.p.h.s.HTTPSamplerBase: Parser for text/css is org.apache.jmeter.protocol.http.parser.CssParser
2023-02-21 18:53:53,579 INFO o.a.j.p.h.c.CookieManager: Settings: Delete null: true Check: true Allow variable: true Save: false Prefix: COOKIE_
2023-02-21 18:53:53,833 INFO o.a.j.e.KeyToolUtils: keytool found at 'keytool'
2023-02-21 18:53:53,834 INFO o.a.j.p.h.p.ProxyControl: HTTP(S) Test Script Recorder SSL Proxy will use keys that support embedded 3rd party resources in file C:\Users\Fer\Desktop\apache-jmeter-5.5\bin\proxyserver.jks
2023-02-21 18:53:54,146 INFO o.a.j.s.SampleResult: Note: Sample TimeStamps are START times
2023-02-21 18:53:54,146 INFO o.a.j.s.SampleResult: sampleresult.default.encoding is set to ISO-8859-1
2023-02-21 18:53:54,146 INFO o.a.j.s.SampleResult: sampleresult.useNanoTime=true
2023-02-21 18:53:54,146 INFO o.a.j.s.SampleResult: sampleresult.nanoThreadSleep=5000
2023-02-21 18:53:54,326 INFO o.a.j.v.ViewResultsFullVisualizer: Add JavaFX to your Java installation if you want to use renderer: org.apache.jmeter.visualizers.RenderInBrowser
2023-02-21 18:53:54,618 INFO o.a.j.s.FileServer: Set new base='C:\Users\Fer\Desktop\apache-jmeter-5.5\bin'
2023-02-21 18:53:56,737 INFO o.a.j.e.StandardJMeterEngine: Running the test!
2023-02-21 18:53:56,740 INFO o.a.j.s.SampleEvent: List of sample_variables: []
2023-02-21 18:53:56,740 INFO o.a.j.s.SampleEvent: List of sample_variables: []
2023-02-21 18:53:56,741 INFO o.a.j.e.u.CompoundVariable: Note: Function class names must contain the string: '.functions.'
2023-02-21 18:53:56,742 INFO o.a.j.e.u.CompoundVariable: Note: Function class names must not contain the string: '.gui.'
2023-02-21 18:53:56,825 INFO o.a.j.g.u.JMeterMenuBar: setRunning(true, *local*)
2023-02-21 18:53:56,870 INFO o.a.j.e.StandardJMeterEngine: Starting ThreadGroup: 1 : Primera Grabacion
2023-02-21 18:53:56,870 INFO o.a.j.e.StandardJMeterEngine: Starting 2 threads for group Primera Grabacion.
2023-02-21 18:53:56,870 INFO o.a.j.e.StandardJMeterEngine: Thread will continue on error
2023-02-21 18:53:56,870 INFO o.a.j.t.ThreadGroup: Starting thread group... number=1 threads=2 ramp-up=1 delayedStart=false
2023-02-21 18:53:56,879 INFO o.a.j.t.ThreadGroup: Started thread group number 1
2023-02-21 18:53:56,879 INFO o.a.j.e.StandardJMeterEngine: Starting ThreadGroup: 2 : Thread Group3 Acciones del Usuario
2023-02-21 18:53:56,879 INFO o.a.j.e.StandardJMeterEngine: Starting 10 threads for group Thread Group3 Acciones del Usuario.
2023-02-21 18:53:56,879 INFO o.a.j.e.StandardJMeterEngine: Thread will continue on error
2023-02-21 18:53:56,879 INFO o.a.j.t.ThreadGroup: Starting thread group... number=2 threads=10 ramp-up=10 delayedStart=false
2023-02-21 18:53:56,881 INFO o.a.j.t.ThreadGroup: Started thread group number 2
2023-02-21 18:53:56,882 INFO o.a.j.e.StandardJMeterEngine: All thread groups have been started
2023-02-21 18:53:56,894 INFO o.a.j.t.JMeterThread: Thread started: Primera Grabacion 1-1
2023-02-21 18:53:56,895 INFO o.a.j.t.JMeterThread: Thread started: Thread Group3 Acciones del Usuario 2-1
2023-02-21 18:53:56,899 INFO o.a.j.s.FileServer: Stored: C:/Users/Fer/Desktop/apache-jmeter-5.5/bin/loginonlineshop.txt
2023-02-21 18:53:56,904 INFO o.a.j.t.JMeterThread: Thread is done: Thread Group3 Acciones del Usuario 2-1
2023-02-21 18:53:56,905 INFO o.a.j.t.JMeterThread: Thread finished: Thread Group3 Acciones del Usuario 2-1
2023-02-21 18:53:57,389 INFO o.a.j.t.JMeterThread: Thread started: Primera Grabacion 1-2
2023-02-21 18:53:57,449 INFO o.a.j.p.h.s.HTTPHCAbstractImpl: Local host = DESKTOP-MQNAP4D
2023-02-21 18:53:57,455 INFO o.a.j.p.h.s.HTTPHC4Impl: HTTP request retry count = 0
2023-02-21 18:53:57,881 INFO o.a.j.t.JMeterThread: Thread started: Thread Group3 Acciones del Usuario 2-2
2023-02-21 18:53:57,881 INFO o.a.j.t.JMeterThread: Thread is done: Thread Group3 Acciones del Usuario 2-2
2023-02-21 18:53:57,881 INFO o.a.j.t.JMeterThread: Thread finished: Thread Group3 Acciones del Usuario 2-2
2023-02-21 18:53:58,905 INFO o.a.j.t.JMeterThread: Thread started: Thread Group3 Acciones del Usuario 2-3
2023-02-21 18:53:58,905 INFO o.a.j.t.JMeterThread: Thread is done: Thread Group3 Acciones del Usuario 2-3
2023-02-21 18:53:58,905 INFO o.a.j.t.JMeterThread: Thread finished: Thread Group3 Acciones del Usuario 2-3
2023-02-21 18:53:59,905 INFO o.a.j.t.JMeterThread: Thread started: Thread Group3 Acciones del Usuario 2-4
2023-02-21 18:53:59,905 INFO o.a.j.t.JMeterThread: Thread is done: Thread Group3 Acciones del Usuario 2-4
2023-02-21 18:53:59,905 INFO o.a.j.t.JMeterThread: Thread finished: Thread Group3 Acciones del Usuario 2-4
2023-02-21 18:54:00,906 INFO o.a.j.t.JMeterThread: Thread started: Thread Group3 Acciones del Usuario 2-5
2023-02-21 18:54:00,906 INFO o.a.j.t.JMeterThread: Thread is done: Thread Group3 Acciones del Usuario 2-5
2023-02-21 18:54:00,906 INFO o.a.j.t.JMeterThread: Thread finished: Thread Group3 Acciones del Usuario 2-5
2023-02-21 18:54:01,905 INFO o.a.j.t.JMeterThread: Thread started: Thread Group3 Acciones del Usuario 2-6
2023-02-21 18:54:01,905 INFO o.a.j.t.JMeterThread: Thread is done: Thread Group3 Acciones del Usuario 2-6
2023-02-21 18:54:01,905 INFO o.a.j.t.JMeterThread: Thread finished: Thread Group3 Acciones del Usuario 2-6
2023-02-21 18:54:02,880 INFO o.a.j.t.JMeterThread: Thread started: Thread Group3 Acciones del Usuario 2-7
2023-02-21 18:54:02,880 INFO o.a.j.t.JMeterThread: Thread is done: Thread Group3 Acciones del Usuario 2-7
2023-02-21 18:54:02,880 INFO o.a.j.t.JMeterThread: Thread finished: Thread Group3 Acciones del Usuario 2-7
2023-02-21 18:54:03,904 INFO o.a.j.t.JMeterThread: Thread started: Thread Group3 Acciones del Usuario 2-8
2023-02-21 18:54:03,904 INFO o.a.j.t.JMeterThread: Thread is done: Thread Group3 Acciones del Usuario 2-8
2023-02-21 18:54:03,904 INFO o.a.j.t.JMeterThread: Thread finished: Thread Group3 Acciones del Usuario 2-8
2023-02-21 18:54:04,879 INFO o.a.j.t.JMeterThread: Thread started: Thread Group3 Acciones del Usuario 2-9
2023-02-21 18:54:04,879 INFO o.a.j.t.JMeterThread: Thread is done: Thread Group3 Acciones del Usuario 2-9
2023-02-21 18:54:04,879 INFO o.a.j.t.JMeterThread: Thread finished: Thread Group3 Acciones del Usuario 2-9
2023-02-21 18:54:05,905 INFO o.a.j.t.JMeterThread: Thread started: Thread Group3 Acciones del Usuario 2-10
2023-02-21 18:54:05,905 INFO o.a.j.t.JMeterThread: Thread is done: Thread Group3 Acciones del Usuario 2-10
2023-02-21 18:54:05,905 INFO o.a.j.t.JMeterThread: Thread finished: Thread Group3 Acciones del Usuario 2-10
2023-02-21 18:54:49,662 INFO o.a.j.t.JMeterThread: Thread is done: Primera Grabacion 1-1
2023-02-21 18:54:49,662 INFO o.a.j.t.JMeterThread: Thread finished: Primera Grabacion 1-1
2023-02-21 18:54:50,464 INFO o.a.j.t.JMeterThread: Thread is done: Primera Grabacion 1-2
2023-02-21 18:54:50,464 INFO o.a.j.t.JMeterThread: Thread finished: Primera Grabacion 1-2
2023-02-21 18:54:50,465 INFO o.a.j.e.StandardJMeterEngine: Notifying test listeners of end of test
2023-02-21 18:54:50,465 INFO o.a.j.s.FileServer: Close: C:/Users/Fer/Desktop/apache-jmeter-5.5/bin/loginonlineshop.txt
2023-02-21 18:54:50,467 INFO o.a.j.g.u.JMeterMenuBar: setRunning(false, *local*)
2023-02-21 19:12:42,387 INFO o.a.j.e.StandardJMeterEngine: Running the test!
2023-02-21 19:12:42,388 INFO o.a.j.s.SampleEvent: List of sample_variables: []
2023-02-21 19:12:42,391 INFO o.a.j.g.u.JMeterMenuBar: setRunning(true, *local*)
2023-02-21 19:12:42,437 INFO o.a.j.e.StandardJMeterEngine: Starting ThreadGroup: 1 : Primera Grabacion
2023-02-21 19:12:42,437 INFO o.a.j.e.StandardJMeterEngine: Starting 2 threads for group Primera Grabacion.
2023-02-21 19:12:42,437 INFO o.a.j.e.StandardJMeterEngine: Thread will continue on error
2023-02-21 19:12:42,437 INFO o.a.j.t.ThreadGroup: Starting thread group... number=1 threads=2 ramp-up=1 delayedStart=false
2023-02-21 19:12:42,440 INFO o.a.j.t.ThreadGroup: Started thread group number 1
2023-02-21 19:12:42,440 INFO o.a.j.e.StandardJMeterEngine: Starting ThreadGroup: 2 : Thread Group3 Acciones del Usuario
2023-02-21 19:12:42,440 INFO o.a.j.t.JMeterThread: Thread started: Primera Grabacion 1-1
2023-02-21 19:12:42,440 INFO o.a.j.e.StandardJMeterEngine: Starting 10 threads for group Thread Group3 Acciones del Usuario.
2023-02-21 19:12:42,440 INFO o.a.j.e.StandardJMeterEngine: Thread will continue on error
2023-02-21 19:12:42,441 INFO o.a.j.t.ThreadGroup: Starting thread group... number=2 threads=10 ramp-up=10 delayedStart=false
2023-02-21 19:12:42,441 INFO o.a.j.s.FileServer: Stored: C:/Users/Fer/Desktop/apache-jmeter-5.5/bin/loginonlineshop.txt
2023-02-21 19:12:42,443 INFO o.a.j.t.ThreadGroup: Started thread group number 2
2023-02-21 19:12:42,443 INFO o.a.j.e.StandardJMeterEngine: All thread groups have been started
2023-02-21 19:12:42,445 INFO o.a.j.t.JMeterThread: Thread started: Thread Group3 Acciones del Usuario 2-1
2023-02-21 19:12:42,445 INFO o.a.j.t.JMeterThread: Thread is done: Thread Group3 Acciones del Usuario 2-1
2023-02-21 19:12:42,445 INFO o.a.j.t.JMeterThread: Thread finished: Thread Group3 Acciones del Usuario 2-1
2023-02-21 19:12:42,944 INFO o.a.j.t.JMeterThread: Thread started: Primera Grabacion 1-2
2023-02-21 19:12:43,449 INFO o.a.j.t.JMeterThread: Thread started: Thread Group3 Acciones del Usuario 2-2
2023-02-21 19:12:43,449 INFO o.a.j.t.JMeterThread: Thread is done: Thread Group3 Acciones del Usuario 2-2
2023-02-21 19:12:43,449 INFO o.a.j.t.JMeterThread: Thread finished: Thread Group3 Acciones del Usuario 2-2
2023-02-21 19:12:44,447 INFO o.a.j.t.JMeterThread: Thread started: Thread Group3 Acciones del Usuario 2-3
2023-02-21 19:12:44,447 INFO o.a.j.t.JMeterThread: Thread is done: Thread Group3 Acciones del Usuario 2-3
2023-02-21 19:12:44,447 INFO o.a.j.t.JMeterThread: Thread finished: Thread Group3 Acciones del Usuario 2-3
2023-02-21 19:12:45,443 INFO o.a.j.t.JMeterThread: Thread started: Thread Group3 Acciones del Usuario 2-4
2023-02-21 19:12:45,443 INFO o.a.j.t.JMeterThread: Thread is done: Thread Group3 Acciones del Usuario 2-4
2023-02-21 19:12:45,443 INFO o.a.j.t.JMeterThread: Thread finished: Thread Group3 Acciones del Usuario 2-4
2023-02-21 19:12:46,446 INFO o.a.j.t.JMeterThread: Thread started: Thread Group3 Acciones del Usuario 2-5
2023-02-21 19:12:46,446 INFO o.a.j.t.JMeterThread: Thread is done: Thread Group3 Acciones del Usuario 2-5
2023-02-21 19:12:46,446 INFO o.a.j.t.JMeterThread: Thread finished: Thread Group3 Acciones del Usuario 2-5
2023-02-21 19:12:47,442 INFO o.a.j.t.JMeterThread: Thread started: Thread Group3 Acciones del Usuario 2-6
2023-02-21 19:12:47,442 INFO o.a.j.t.JMeterThread: Thread is done: Thread Group3 Acciones del Usuario 2-6
2023-02-21 19:12:47,442 INFO o.a.j.t.JMeterThread: Thread finished: Thread Group3 Acciones del Usuario 2-6
2023-02-21 19:12:48,444 INFO o.a.j.t.JMeterThread: Thread started: Thread Group3 Acciones del Usuario 2-7
2023-02-21 19:12:48,444 INFO o.a.j.t.JMeterThread: Thread is done: Thread Group3 Acciones del Usuario 2-7
2023-02-21 19:12:48,444 INFO o.a.j.t.JMeterThread: Thread finished: Thread Group3 Acciones del Usuario 2-7
2023-02-21 19:12:49,441 INFO o.a.j.t.JMeterThread: Thread started: Thread Group3 Acciones del Usuario 2-8
2023-02-21 19:12:49,441 INFO o.a.j.t.JMeterThread: Thread is done: Thread Group3 Acciones del Usuario 2-8
2023-02-21 19:12:49,441 INFO o.a.j.t.JMeterThread: Thread finished: Thread Group3 Acciones del Usuario 2-8
2023-02-21 19:12:50,441 INFO o.a.j.t.JMeterThread: Thread started: Thread Group3 Acciones del Usuario 2-9
2023-02-21 19:12:50,441 INFO o.a.j.t.JMeterThread: Thread is done: Thread Group3 Acciones del Usuario 2-9
2023-02-21 19:12:50,441 INFO o.a.j.t.JMeterThread: Thread finished: Thread Group3 Acciones del Usuario 2-9
2023-02-21 19:12:51,441 INFO o.a.j.t.JMeterThread: Thread started: Thread Group3 Acciones del Usuario 2-10
2023-02-21 19:12:51,441 INFO o.a.j.t.JMeterThread: Thread is done: Thread Group3 Acciones del Usuario 2-10
2023-02-21 19:12:51,441 INFO o.a.j.t.JMeterThread: Thread finished: Thread Group3 Acciones del Usuario 2-10
2023-02-21 19:13:25,019 INFO o.a.j.t.JMeterThread: Thread is done: Primera Grabacion 1-2
2023-02-21 19:13:25,019 INFO o.a.j.t.JMeterThread: Thread finished: Primera Grabacion 1-2
2023-02-21 19:13:33,450 INFO o.a.j.t.JMeterThread: Thread is done: Primera Grabacion 1-1
2023-02-21 19:13:33,450 INFO o.a.j.t.JMeterThread: Thread finished: Primera Grabacion 1-1
2023-02-21 19:13:33,450 INFO o.a.j.e.StandardJMeterEngine: Notifying test listeners of end of test
2023-02-21 19:13:33,451 INFO o.a.j.s.FileServer: Close: C:/Users/Fer/Desktop/apache-jmeter-5.5/bin/loginonlineshop.txt
2023-02-21 19:13:33,451 INFO o.a.j.g.u.JMeterMenuBar: setRunning(false, *local*)
2023-02-21 19:14:58,120 INFO o.a.j.u.JMeterUtils: Setting Locale to en
2023-02-21 19:16:30,968 INFO o.a.j.p.h.p.ProxyControl: Valid alias found for :root_ca:
2023-02-21 19:16:30,968 INFO o.a.j.p.h.p.ProxyControl: Valid alias found for :intermediate_ca:
2023-02-21 19:16:30,970 INFO o.a.j.p.h.p.Daemon: Creating Daemon Socket on port: 8888
2023-02-21 19:16:30,982 INFO o.a.j.p.h.p.Daemon: Test Script Recorder up and running!
2023-02-21 19:18:16,808 INFO o.a.j.p.h.p.Proxy: Proxy will remove the headers: If-Modified-Since,If-None-Match,Host
2023-02-21 19:18:17,623 INFO o.a.j.p.h.p.ProxyControl: Add sample ir a homepage -/demo/-1 into controller ir a homepage -
2023-02-21 19:18:31,920 INFO o.a.j.p.h.p.ProxyControl: Add sample click login -/demo/index.php-3 into controller click login -
2023-02-21 19:19:42,838 INFO o.a.j.p.h.p.ProxyControl: Add sample login user y psw -/demo/index.php?main_page=login&action=process&zenid=iih7odfkjb15uj8h0p49g0khd5-4 into controller login user y psw -
2023-02-21 19:19:43,452 INFO o.a.j.p.h.p.ProxyControl: Add sample login user y psw -/demo/index.php-5 into controller login user y psw -
2023-02-21 19:19:43,511 INFO o.a.j.p.h.p.ProxyControl: [56898]  Creating entry maxcdn.bootstrapcdn.com in C:\Users\Fer\Desktop\apache-jmeter-5.5\bin\proxyserver.jks
2023-02-21 19:19:48,504 INFO o.a.j.p.h.p.Proxy: [56898]  KeyStore for SSL loaded OK and put host 'maxcdn.bootstrapcdn.com' in map with key (maxcdn.bootstrapcdn.com)
2023-02-21 19:19:48,848 WARN o.a.j.p.h.p.Proxy: [56900]  Problem with SSL certificate for url  for 'maxcdn.bootstrapcdn.com'? Ensure browser is set to accept the JMeter proxy cert: Se ha anulado una conexión establecida por el software en su equipo host.
2023-02-21 19:19:48,854 WARN o.a.j.p.h.p.Proxy: [56898]  Problem with SSL certificate for url  for 'maxcdn.bootstrapcdn.com'? Ensure browser is set to accept the JMeter proxy cert: Se ha anulado una conexión establecida por el software en su equipo host.
2023-02-21 19:19:48,861 INFO o.a.j.p.h.p.ProxyControl: Add sample login user y psw -/canonical.html-6 into controller login user y psw -
2023-02-21 19:19:48,869 WARN o.a.j.p.h.p.Proxy: [56901]  Problem with SSL certificate for url  for 'maxcdn.bootstrapcdn.com'? Ensure browser is set to accept the JMeter proxy cert: Se ha anulado una conexión establecida por el software en su equipo host.
2023-02-21 19:19:49,073 INFO o.a.j.p.h.p.ProxyControl: Add sample login user y psw -/success.txt-7 into controller login user y psw -
2023-02-21 19:19:49,077 INFO o.a.j.p.h.p.ProxyControl: Add sample login user y psw -/success.txt-8 into controller login user y psw -
2023-02-21 19:19:58,086 INFO o.a.j.p.h.p.ProxyControl: Add sample seleccionar food -/demo/index.php-9 into controller seleccionar food -
2023-02-21 19:19:58,175 WARN o.a.j.p.h.p.Proxy: [56915]  Problem with SSL certificate for url  for 'maxcdn.bootstrapcdn.com'? Ensure browser is set to accept the JMeter proxy cert: Se ha anulado una conexión establecida por el software en su equipo host.
2023-02-21 19:19:58,243 WARN o.a.j.p.h.p.Proxy: [56918]  Problem with SSL certificate for url  for 'maxcdn.bootstrapcdn.com'? Ensure browser is set to accept the JMeter proxy cert: Se ha anulado una conexión establecida por el software en su equipo host.
2023-02-21 19:19:58,277 WARN o.a.j.p.h.p.Proxy: [56919]  Problem with SSL certificate for url  for 'maxcdn.bootstrapcdn.com'? Ensure browser is set to accept the JMeter proxy cert: Se ha anulado una conexión establecida por el software en su equipo host.
2023-02-21 19:19:58,290 INFO o.a.j.p.h.p.ProxyControl: Add sample seleccionar food -/canonical.html-10 into controller seleccionar food -
2023-02-21 19:19:58,503 INFO o.a.j.p.h.p.ProxyControl: Add sample seleccionar food -/success.txt-11 into controller seleccionar food -
2023-02-21 19:19:58,507 INFO o.a.j.p.h.p.ProxyControl: Add sample seleccionar food -/success.txt-12 into controller seleccionar food -
2023-02-21 19:20:21,288 INFO o.a.j.p.h.p.ProxyControl: Add sample seleccionar apple -/demo/index.php-13 into controller seleccionar apple -
2023-02-21 19:20:21,711 WARN o.a.j.p.h.p.Proxy: [56937]  Problem with SSL certificate for url  for 'maxcdn.bootstrapcdn.com'? Ensure browser is set to accept the JMeter proxy cert: Se ha anulado una conexión establecida por el software en su equipo host.
2023-02-21 19:20:21,776 WARN o.a.j.p.h.p.Proxy: [56940]  Problem with SSL certificate for url  for 'maxcdn.bootstrapcdn.com'? Ensure browser is set to accept the JMeter proxy cert: Se ha anulado una conexión establecida por el software en su equipo host.
2023-02-21 19:20:21,808 WARN o.a.j.p.h.p.Proxy: [56941]  Problem with SSL certificate for url  for 'maxcdn.bootstrapcdn.com'? Ensure browser is set to accept the JMeter proxy cert: Se ha anulado una conexión establecida por el software en su equipo host.
2023-02-21 19:20:21,914 INFO o.a.j.p.h.p.ProxyControl: Add sample seleccionar apple -/canonical.html-17 into controller seleccionar apple -
2023-02-21 19:20:21,919 INFO o.a.j.p.h.p.ProxyControl: Add sample seleccionar apple -/success.txt-19 into controller seleccionar apple -
2023-02-21 19:20:21,923 INFO o.a.j.p.h.p.ProxyControl: Add sample seleccionar apple -/success.txt-18 into controller seleccionar apple -
2023-02-21 19:20:53,327 INFO o.a.j.p.h.p.ProxyControl: Add sample add to cart -/demo/index.php?main_page=product_info&cPath=1&products_id=6&action=add_product-20 into controller add to cart -
2023-02-21 19:20:53,934 INFO o.a.j.p.h.p.ProxyControl: Add sample add to cart -/demo/index.php-21 into controller add to cart -
2023-02-21 19:20:54,308 WARN o.a.j.p.h.p.Proxy: [56963]  Problem with SSL certificate for url  for 'maxcdn.bootstrapcdn.com'? Ensure browser is set to accept the JMeter proxy cert: Se ha anulado una conexión establecida por el software en su equipo host.
2023-02-21 19:20:54,340 WARN o.a.j.p.h.p.Proxy: [56965]  Problem with SSL certificate for url  for 'maxcdn.bootstrapcdn.com'? Ensure browser is set to accept the JMeter proxy cert: Se ha anulado una conexión establecida por el software en su equipo host.
2023-02-21 19:20:54,360 WARN o.a.j.p.h.p.Proxy: [56966]  Problem with SSL certificate for url  for 'maxcdn.bootstrapcdn.com'? Ensure browser is set to accept the JMeter proxy cert: Received fatal alert: unknown_ca
2023-02-21 19:20:54,545 INFO o.a.j.p.h.p.ProxyControl: Add sample add to cart -/canonical.html-25 into controller add to cart -
2023-02-21 19:20:54,748 INFO o.a.j.p.h.p.ProxyControl: Add sample add to cart -/success.txt-26 into controller add to cart -
2023-02-21 19:20:54,752 INFO o.a.j.p.h.p.ProxyControl: Add sample add to cart -/success.txt-27 into controller add to cart -
2023-02-21 19:21:09,721 WARN o.a.j.p.h.p.Proxy: [56980]  Problem with SSL certificate for url  for 'maxcdn.bootstrapcdn.com'? Ensure browser is set to accept the JMeter proxy cert: Received fatal alert: unknown_ca
2023-02-21 19:21:09,758 WARN o.a.j.p.h.p.Proxy: [56983]  Problem with SSL certificate for url  for 'maxcdn.bootstrapcdn.com'? Ensure browser is set to accept the JMeter proxy cert: Received fatal alert: unknown_ca
2023-02-21 19:21:09,789 WARN o.a.j.p.h.p.Proxy: [56984]  Problem with SSL certificate for url  for 'maxcdn.bootstrapcdn.com'? Ensure browser is set to accept the JMeter proxy cert: Connection reset
2023-02-21 19:21:09,808 INFO o.a.j.p.h.p.ProxyControl: Add sample seleccionar checkout -/demo/index.php-28 into controller seleccionar checkout -
2023-02-21 19:21:10,013 INFO o.a.j.p.h.p.ProxyControl: Add sample seleccionar checkout -/canonical.html-29 into controller seleccionar checkout -
2023-02-21 19:21:10,018 INFO o.a.j.p.h.p.ProxyControl: Add sample seleccionar checkout -/success.txt-30 into controller seleccionar checkout -
2023-02-21 19:21:10,022 INFO o.a.j.p.h.p.ProxyControl: Add sample seleccionar checkout -/success.txt-31 into controller seleccionar checkout -
2023-02-21 19:21:42,903 INFO o.a.j.p.h.p.ProxyControl: Add sample seleccionar continuar -/demo/index.php?main_page=checkout_shipping-32 into controller seleccionar continuar -
2023-02-21 19:21:43,817 WARN o.a.j.p.h.p.Proxy: [57002]  Problem with SSL certificate for url  for 'maxcdn.bootstrapcdn.com'? Ensure browser is set to accept the JMeter proxy cert: Received fatal alert: unknown_ca
2023-02-21 19:21:43,849 WARN o.a.j.p.h.p.Proxy: [57004]  Problem with SSL certificate for url  for 'maxcdn.bootstrapcdn.com'? Ensure browser is set to accept the JMeter proxy cert: Received fatal alert: unknown_ca
2023-02-21 19:21:43,894 WARN o.a.j.p.h.p.Proxy: [57005]  Problem with SSL certificate for url  for 'maxcdn.bootstrapcdn.com'? Ensure browser is set to accept the JMeter proxy cert: Connection reset
2023-02-21 19:21:43,917 INFO o.a.j.p.h.p.ProxyControl: Add sample seleccionar continuar -/demo/index.php-33 into controller seleccionar continuar -
2023-02-21 19:21:44,121 INFO o.a.j.p.h.p.ProxyControl: Add sample seleccionar continuar -/canonical.html-34 into controller seleccionar continuar -
2023-02-21 19:21:44,126 INFO o.a.j.p.h.p.ProxyControl: Add sample seleccionar continuar -/success.txt-35 into controller seleccionar continuar -
2023-02-21 19:21:44,130 INFO o.a.j.p.h.p.ProxyControl: Add sample seleccionar continuar -/success.txt-36 into controller seleccionar continuar -
2023-02-21 19:22:02,044 WARN o.a.j.p.h.p.Proxy: [57019]  Problem with SSL certificate for url  for 'maxcdn.bootstrapcdn.com'? Ensure browser is set to accept the JMeter proxy cert: Received fatal alert: unknown_ca
2023-02-21 19:22:02,080 WARN o.a.j.p.h.p.Proxy: [57022]  Problem with SSL certificate for url  for 'maxcdn.bootstrapcdn.com'? Ensure browser is set to accept the JMeter proxy cert: Received fatal alert: unknown_ca
2023-02-21 19:22:02,090 INFO o.a.j.p.h.p.ProxyControl: Add sample seleccionar continuar payment-/demo/index.php?main_page=checkout_confirmation-37 into controller seleccionar continuar payment-
2023-02-21 19:22:02,106 WARN o.a.j.p.h.p.Proxy: [57023]  Problem with SSL certificate for url  for 'maxcdn.bootstrapcdn.com'? Ensure browser is set to accept the JMeter proxy cert: Connection reset
2023-02-21 19:22:02,295 INFO o.a.j.p.h.p.ProxyControl: Add sample seleccionar continuar payment-/canonical.html-38 into controller seleccionar continuar payment-
2023-02-21 19:22:02,299 INFO o.a.j.p.h.p.ProxyControl: Add sample seleccionar continuar payment-/success.txt-40 into controller seleccionar continuar payment-
2023-02-21 19:22:02,304 INFO o.a.j.p.h.p.ProxyControl: Add sample seleccionar continuar payment-/success.txt-39 into controller seleccionar continuar payment-
2023-02-21 19:22:27,404 INFO o.a.j.p.h.p.ProxyControl: Add sample seleccionar confirmar-/demo/index.php?main_page=checkout_process-41 into controller seleccionar confirmar-
2023-02-21 19:22:28,180 WARN o.a.j.p.h.p.Proxy: [57039]  Problem with SSL certificate for url  for 'maxcdn.bootstrapcdn.com'? Ensure browser is set to accept the JMeter proxy cert: Received fatal alert: unknown_ca
2023-02-21 19:22:28,211 WARN o.a.j.p.h.p.Proxy: [57041]  Problem with SSL certificate for url  for 'maxcdn.bootstrapcdn.com'? Ensure browser is set to accept the JMeter proxy cert: Received fatal alert: unknown_ca
2023-02-21 19:22:28,221 INFO o.a.j.p.h.p.ProxyControl: Add sample seleccionar confirmar-/demo/index.php-42 into controller seleccionar confirmar-
2023-02-21 19:22:28,246 WARN o.a.j.p.h.p.Proxy: [57042]  Problem with SSL certificate for url  for 'maxcdn.bootstrapcdn.com'? Ensure browser is set to accept the JMeter proxy cert: Se ha anulado una conexión establecida por el software en su equipo host.
2023-02-21 19:22:28,434 INFO o.a.j.p.h.p.ProxyControl: Add sample seleccionar confirmar-/canonical.html-43 into controller seleccionar confirmar-
2023-02-21 19:22:28,638 INFO o.a.j.p.h.p.ProxyControl: Add sample seleccionar confirmar-/success.txt-45 into controller seleccionar confirmar-
2023-02-21 19:22:28,641 INFO o.a.j.p.h.p.ProxyControl: Add sample seleccionar confirmar-/success.txt-44 into controller seleccionar confirmar-
2023-02-21 19:22:42,118 INFO o.a.j.p.h.p.ProxyControl: Add sample click logout -/demo/index.php-46 into controller click logout -
2023-02-21 19:22:42,728 INFO o.a.j.p.h.p.ProxyControl: Add sample click logout -/demo/index.php-47 into controller click logout -
2023-02-21 19:22:45,576 INFO o.a.j.p.h.p.Daemon: HTTP(S) Test Script Recorder stopped
2023-02-21 19:27:35,225 INFO o.a.j.v.ViewResultsFullVisualizer: Add JavaFX to your Java installation if you want to use renderer: org.apache.jmeter.visualizers.RenderInBrowser
2023-02-21 19:28:09,499 INFO o.a.j.s.FileServer: Set new base='C:\Users\Fer\Desktop\apache-jmeter-5.5\bin'
2023-02-21 19:28:09,527 INFO o.a.j.e.StandardJMeterEngine: Running the test!
2023-02-21 19:28:09,528 INFO o.a.j.s.SampleEvent: List of sample_variables: []
2023-02-21 19:28:09,541 INFO o.a.j.g.u.JMeterMenuBar: setRunning(true, *local*)
2023-02-21 19:28:09,543 INFO o.a.j.e.StandardJMeterEngine: Starting ThreadGroup: 1 : Grupo de Hilos
2023-02-21 19:28:09,543 INFO o.a.j.e.StandardJMeterEngine: Starting 1 threads for group Grupo de Hilos.
2023-02-21 19:28:09,543 INFO o.a.j.e.StandardJMeterEngine: Thread will continue on error
2023-02-21 19:28:09,544 INFO o.a.j.t.ThreadGroup: Starting thread group... number=1 threads=1 ramp-up=1 delayedStart=false
2023-02-21 19:28:09,552 INFO o.a.j.t.ThreadGroup: Started thread group number 1
2023-02-21 19:28:09,552 INFO o.a.j.e.StandardJMeterEngine: All thread groups have been started
2023-02-21 19:28:09,561 INFO o.a.j.t.JMeterThread: Thread started: Grupo de Hilos 1-1
2023-02-21 19:28:16,397 INFO o.a.j.t.JMeterThread: Thread is done: Grupo de Hilos 1-1
2023-02-21 19:28:16,398 INFO o.a.j.t.JMeterThread: Thread finished: Grupo de Hilos 1-1
2023-02-21 19:28:16,398 INFO o.a.j.e.StandardJMeterEngine: Notifying test listeners of end of test
2023-02-21 19:28:16,398 INFO o.a.j.g.u.JMeterMenuBar: setRunning(false, *local*)
